2022-05-31T05:35:33.251Z [INFO]  Terraform version: 1.1.3
2022-05-31T05:35:33.252Z [INFO]  Go runtime version: go1.17.2
2022-05-31T05:35:33.252Z [INFO]  CLI args: []string{"terraform", "refresh", "-auto-approve"}
2022-05-31T05:35:33.252Z [TRACE] Stdout is a terminal of width 91
2022-05-31T05:35:33.252Z [TRACE] Stderr is a terminal of width 91
2022-05-31T05:35:33.252Z [TRACE] Stdin is a terminal
2022-05-31T05:35:33.252Z [DEBUG] Attempting to open CLI config file: /home/ubuntu/.terraformrc
2022-05-31T05:35:33.252Z [DEBUG] File doesn't exist, but doesn't need to. Ignoring.
2022-05-31T05:35:33.252Z [DEBUG] checking for credentials in "/home/ubuntu/.terraform.d/plugins"
2022-05-31T05:35:33.252Z [DEBUG] ignoring non-existing provider search directory terraform.d/plugins
2022-05-31T05:35:33.252Z [DEBUG] will search for provider plugins in /home/ubuntu/.terraform.d/plugins
2022-05-31T05:35:33.252Z [TRACE] getproviders.SearchLocalDirectory: found registry.terraform.io/citrix/citrixadc v9.9.9 for linux_amd64 at /home/ubuntu/.terraform.d/plugins/registry.terraform.io/citrix/citrixadc/9.9.9/linux_amd64
2022-05-31T05:35:33.252Z [DEBUG] ignoring non-existing provider search directory /home/ubuntu/.local/share/terraform/plugins
2022-05-31T05:35:33.252Z [DEBUG] ignoring non-existing provider search directory /usr/local/share/terraform/plugins
2022-05-31T05:35:33.252Z [DEBUG] ignoring non-existing provider search directory /usr/share/terraform/plugins
2022-05-31T05:35:33.252Z [DEBUG] ignoring non-existing provider search directory /var/lib/snapd/desktop/terraform/plugins
2022-05-31T05:35:33.252Z [INFO]  CLI command args: []string{"refresh", "-auto-approve"}
2022-05-31T05:35:45.495Z [INFO]  Terraform version: 1.1.3
2022-05-31T05:35:45.496Z [INFO]  Go runtime version: go1.17.2
2022-05-31T05:35:45.496Z [INFO]  CLI args: []string{"terraform", "refresh"}
2022-05-31T05:35:45.496Z [TRACE] Stdout is a terminal of width 91
2022-05-31T05:35:45.496Z [TRACE] Stderr is a terminal of width 91
2022-05-31T05:35:45.496Z [TRACE] Stdin is a terminal
2022-05-31T05:35:45.496Z [DEBUG] Attempting to open CLI config file: /home/ubuntu/.terraformrc
2022-05-31T05:35:45.496Z [DEBUG] File doesn't exist, but doesn't need to. Ignoring.
2022-05-31T05:35:45.496Z [DEBUG] checking for credentials in "/home/ubuntu/.terraform.d/plugins"
2022-05-31T05:35:45.496Z [DEBUG] ignoring non-existing provider search directory terraform.d/plugins
2022-05-31T05:35:45.496Z [DEBUG] will search for provider plugins in /home/ubuntu/.terraform.d/plugins
2022-05-31T05:35:45.497Z [TRACE] getproviders.SearchLocalDirectory: found registry.terraform.io/citrix/citrixadc v9.9.9 for linux_amd64 at /home/ubuntu/.terraform.d/plugins/registry.terraform.io/citrix/citrixadc/9.9.9/linux_amd64
2022-05-31T05:35:45.497Z [DEBUG] ignoring non-existing provider search directory /home/ubuntu/.local/share/terraform/plugins
2022-05-31T05:35:45.497Z [DEBUG] ignoring non-existing provider search directory /usr/local/share/terraform/plugins
2022-05-31T05:35:45.497Z [DEBUG] ignoring non-existing provider search directory /usr/share/terraform/plugins
2022-05-31T05:35:45.497Z [DEBUG] ignoring non-existing provider search directory /var/lib/snapd/desktop/terraform/plugins
2022-05-31T05:35:45.497Z [INFO]  CLI command args: []string{"refresh"}
2022-05-31T05:35:45.498Z [TRACE] Meta.Backend: no config given or present on disk, so returning nil config
2022-05-31T05:35:45.498Z [TRACE] Meta.Backend: backend has not previously been initialized in this working directory
2022-05-31T05:35:45.498Z [DEBUG] New state was assigned lineage "4bdb679e-b9cd-1bf4-2e55-c87d772038a7"
2022-05-31T05:35:45.498Z [TRACE] Meta.Backend: using default local state only (no backend configuration, and no existing initialized backend)
2022-05-31T05:35:45.498Z [TRACE] Meta.Backend: instantiated backend of type <nil>
2022-05-31T05:35:45.498Z [TRACE] providercache.fillMetaCache: scanning directory .terraform/providers
2022-05-31T05:35:45.498Z [TRACE] getproviders.SearchLocalDirectory: found registry.terraform.io/citrix/citrixadc v9.9.9 for linux_amd64 at .terraform/providers/registry.terraform.io/citrix/citrixadc/9.9.9/linux_amd64
2022-05-31T05:35:45.498Z [TRACE] providercache.fillMetaCache: including .terraform/providers/registry.terraform.io/citrix/citrixadc/9.9.9/linux_amd64 as a candidate package for registry.terraform.io/citrix/citrixadc 9.9.9
2022-05-31T05:35:45.622Z [DEBUG] checking for provisioner in "."
2022-05-31T05:35:45.622Z [DEBUG] checking for provisioner in "/usr/local/bin"
2022-05-31T05:35:45.622Z [DEBUG] checking for provisioner in "/home/ubuntu/.terraform.d/plugins"
2022-05-31T05:35:45.622Z [TRACE] Meta.Backend: backend <nil> does not support operations, so wrapping it in a local backend
2022-05-31T05:35:45.623Z [TRACE] backend/local: requesting state manager for workspace "default"
2022-05-31T05:35:45.623Z [TRACE] backend/local: state manager for workspace "default" will:
 - read initial snapshot from terraform.tfstate
 - write new snapshots to terraform.tfstate
 - create any backup at terraform.tfstate.backup
2022-05-31T05:35:45.623Z [TRACE] backend/local: requesting state lock for workspace "default"
2022-05-31T05:35:45.623Z [TRACE] statemgr.Filesystem: preparing to manage state snapshots at terraform.tfstate
2022-05-31T05:35:45.624Z [TRACE] statemgr.Filesystem: existing snapshot has lineage "de393d58-9d02-127f-fd79-19c399c7f0b8" serial 1
2022-05-31T05:35:45.624Z [TRACE] statemgr.Filesystem: locking terraform.tfstate using fcntl flock
2022-05-31T05:35:45.624Z [TRACE] statemgr.Filesystem: writing lock metadata to .terraform.tfstate.lock.info
2022-05-31T05:35:45.624Z [TRACE] backend/local: reading remote state for workspace "default"
2022-05-31T05:35:45.624Z [TRACE] statemgr.Filesystem: reading latest snapshot from terraform.tfstate
2022-05-31T05:35:45.624Z [TRACE] statemgr.Filesystem: read snapshot with lineage "de393d58-9d02-127f-fd79-19c399c7f0b8" serial 1
2022-05-31T05:35:45.624Z [TRACE] backend/local: populating backend.LocalRun for current working directory
2022-05-31T05:35:45.625Z [TRACE] Config.VerifyDependencySelections: provider registry.terraform.io/citrix/citrixadc has 9.9.9 to satisfy ""
2022-05-31T05:35:45.625Z [TRACE] terraform.NewContext: starting
2022-05-31T05:35:45.625Z [TRACE] terraform.NewContext: complete
2022-05-31T05:35:45.625Z [TRACE] backend/local: requesting interactive input, if necessary
2022-05-31T05:35:45.625Z [TRACE] LoadSchemas: retrieving schema for provider type "registry.terraform.io/citrix/citrixadc"
2022-05-31T05:35:45.625Z [TRACE] terraform.contextPlugins: Initializing provider "registry.terraform.io/citrix/citrixadc" to read its schema
2022-05-31T05:35:45.625Z [DEBUG] created provider logger: level=trace
2022-05-31T05:35:45.626Z [INFO]  provider: configuring client automatic mTLS
2022-05-31T05:35:45.639Z [DEBUG] provider: starting plugin: path=.terraform/providers/registry.terraform.io/citrix/citrixadc/9.9.9/linux_amd64/terraform-provider-citrixadc args=[.terraform/providers/registry.terraform.io/citrix/citrixadc/9.9.9/linux_amd64/terraform-provider-citrixadc]
2022-05-31T05:35:45.639Z [DEBUG] provider: plugin started: path=.terraform/providers/registry.terraform.io/citrix/citrixadc/9.9.9/linux_amd64/terraform-provider-citrixadc pid=119312
2022-05-31T05:35:45.639Z [DEBUG] provider: waiting for RPC address: path=.terraform/providers/registry.terraform.io/citrix/citrixadc/9.9.9/linux_amd64/terraform-provider-citrixadc
2022-05-31T05:35:45.655Z [INFO]  provider.terraform-provider-citrixadc: configuring server automatic mTLS: timestamp=2022-05-31T05:35:45.655Z
2022-05-31T05:35:45.669Z [DEBUG] provider.terraform-provider-citrixadc: plugin address: address=/tmp/plugin628983494 network=unix timestamp=2022-05-31T05:35:45.669Z
2022-05-31T05:35:45.669Z [DEBUG] provider: using plugin: version=5
2022-05-31T05:35:45.688Z [TRACE] GRPCProvider: GetProviderSchema
2022-05-31T05:35:45.689Z [TRACE] provider.stdio: waiting for stdio data
2022-05-31T05:35:45.703Z [DEBUG] provider.stdio: received EOF, stopping recv loop: err="rpc error: code = Unimplemented desc = unknown service plugin.GRPCStdio"
2022-05-31T05:35:45.716Z [DEBUG] No provider meta schema returned
2022-05-31T05:35:45.745Z [TRACE] GRPCProvider: Close
2022-05-31T05:35:45.749Z [DEBUG] provider: plugin process exited: path=.terraform/providers/registry.terraform.io/citrix/citrixadc/9.9.9/linux_amd64/terraform-provider-citrixadc pid=119312
2022-05-31T05:35:45.749Z [DEBUG] provider: plugin exited
2022-05-31T05:35:45.749Z [TRACE] Context.Input: Prompting for provider arguments
2022-05-31T05:35:45.749Z [TRACE] Context.Input: Provider provider.citrixadc declared at provider.tf:8,1-21
2022-05-31T05:35:45.750Z [TRACE] Context.Input: Input for provider.citrixadc: map[string]cty.Value{}
2022-05-31T05:35:45.750Z [TRACE] backend/local: running validation operation
2022-05-31T05:35:45.750Z [DEBUG] Building and walking validate graph
2022-05-31T05:35:45.750Z [TRACE] Executing graph transform *terraform.ConfigTransformer
2022-05-31T05:35:45.750Z [TRACE] ConfigTransformer: Starting for path:
2022-05-31T05:35:45.750Z [TRACE] Completed graph transform *terraform.ConfigTransformer with new graph:
  citrixadc_appalgparam.tf_appalgparam - *terraform.NodeValidatableResource
  ------
2022-05-31T05:35:45.750Z [TRACE] Executing graph transform *terraform.RootVariableTransformer
2022-05-31T05:35:45.750Z [TRACE] Completed graph transform *terraform.RootVariableTransformer (no changes)
2022-05-31T05:35:45.750Z [TRACE] Executing graph transform *terraform.ModuleVariableTransformer
2022-05-31T05:35:45.750Z [TRACE] Completed graph transform *terraform.ModuleVariableTransformer (no changes)
2022-05-31T05:35:45.750Z [TRACE] Executing graph transform *terraform.LocalTransformer
2022-05-31T05:35:45.750Z [TRACE] Completed graph transform *terraform.LocalTransformer (no changes)
2022-05-31T05:35:45.750Z [TRACE] Executing graph transform *terraform.OutputTransformer
2022-05-31T05:35:45.750Z [TRACE] Completed graph transform *terraform.OutputTransformer (no changes)
2022-05-31T05:35:45.750Z [TRACE] Executing graph transform *terraform.OrphanResourceInstanceTransformer
2022-05-31T05:35:45.751Z [TRACE] Completed graph transform *terraform.OrphanResourceInstanceTransformer (no changes)
2022-05-31T05:35:45.751Z [TRACE] Executing graph transform *terraform.StateTransformer
2022-05-31T05:35:45.751Z [TRACE] StateTransformer: creating nodes for deposed instance objects only
2022-05-31T05:35:45.751Z [TRACE] Completed graph transform *terraform.StateTransformer (no changes)
2022-05-31T05:35:45.751Z [TRACE] Executing graph transform *terraform.AttachStateTransformer
2022-05-31T05:35:45.751Z [TRACE] Completed graph transform *terraform.AttachStateTransformer (no changes)
2022-05-31T05:35:45.751Z [TRACE] Executing graph transform *terraform.OrphanOutputTransformer
2022-05-31T05:35:45.751Z [TRACE] Completed graph transform *terraform.OrphanOutputTransformer (no changes)
2022-05-31T05:35:45.751Z [TRACE] Executing graph transform *terraform.AttachResourceConfigTransformer
2022-05-31T05:35:45.751Z [TRACE] AttachResourceConfigTransformer: attaching to "citrixadc_appalgparam.tf_appalgparam" (*terraform.NodeValidatableResource) config from resources.tf:1,1-50
2022-05-31T05:35:45.751Z [TRACE] AttachResourceConfigTransformer: attaching provider meta configs to citrixadc_appalgparam.tf_appalgparam
2022-05-31T05:35:45.751Z [TRACE] Completed graph transform *terraform.AttachResourceConfigTransformer (no changes)
2022-05-31T05:35:45.751Z [TRACE] Executing graph transform *terraform.graphTransformerMulti
2022-05-31T05:35:45.751Z [TRACE] (graphTransformerMulti) Executing graph transform *terraform.ProviderConfigTransformer
2022-05-31T05:35:45.751Z [TRACE] ProviderConfigTransformer: attaching to "provider[\"registry.terraform.io/citrix/citrixadc\"]" provider configuration from provider.tf:8,1-21
2022-05-31T05:35:45.751Z [TRACE] (graphTransformerMulti) Completed graph transform *terraform.ProviderConfigTransformer with new graph:
  citrixadc_appalgparam.tf_appalgparam - *terraform.NodeValidatableResource
  provider["registry.terraform.io/citrix/citrixadc"] - *terraform.NodeApplyableProvider
  ------
2022-05-31T05:35:45.752Z [TRACE] (graphTransformerMulti) Executing graph transform *terraform.MissingProviderTransformer
2022-05-31T05:35:45.752Z [TRACE] (graphTransformerMulti) Completed graph transform *terraform.MissingProviderTransformer (no changes)
2022-05-31T05:35:45.752Z [TRACE] (graphTransformerMulti) Executing graph transform *terraform.ProviderTransformer
2022-05-31T05:35:45.752Z [TRACE] ProviderTransformer: exact match for provider["registry.terraform.io/citrix/citrixadc"] serving citrixadc_appalgparam.tf_appalgparam
2022-05-31T05:35:45.752Z [DEBUG] ProviderTransformer: "citrixadc_appalgparam.tf_appalgparam" (*terraform.NodeValidatableResource) needs provider["registry.terraform.io/citrix/citrixadc"]
2022-05-31T05:35:45.752Z [TRACE] (graphTransformerMulti) Completed graph transform *terraform.ProviderTransformer with new graph:
  citrixadc_appalgparam.tf_appalgparam - *terraform.NodeValidatableResource
    provider["registry.terraform.io/citrix/citrixadc"] - *terraform.NodeApplyableProvider
  provider["registry.terraform.io/citrix/citrixadc"] - *terraform.NodeApplyableProvider
  ------
2022-05-31T05:35:45.752Z [TRACE] (graphTransformerMulti) Executing graph transform *terraform.PruneProviderTransformer
2022-05-31T05:35:45.752Z [TRACE] (graphTransformerMulti) Completed graph transform *terraform.PruneProviderTransformer (no changes)
2022-05-31T05:35:45.752Z [TRACE] Completed graph transform *terraform.graphTransformerMulti with new graph:
  citrixadc_appalgparam.tf_appalgparam - *terraform.NodeValidatableResource
    provider["registry.terraform.io/citrix/citrixadc"] - *terraform.NodeApplyableProvider
  provider["registry.terraform.io/citrix/citrixadc"] - *terraform.NodeApplyableProvider
  ------
2022-05-31T05:35:45.752Z [TRACE] Executing graph transform *terraform.RemovedModuleTransformer
2022-05-31T05:35:45.752Z [TRACE] Completed graph transform *terraform.RemovedModuleTransformer (no changes)
2022-05-31T05:35:45.752Z [TRACE] Executing graph transform *terraform.AttachSchemaTransformer
2022-05-31T05:35:45.752Z [TRACE] AttachSchemaTransformer: attaching resource schema to citrixadc_appalgparam.tf_appalgparam
2022-05-31T05:35:45.752Z [TRACE] AttachSchemaTransformer: attaching provider config schema to provider["registry.terraform.io/citrix/citrixadc"]
2022-05-31T05:35:45.752Z [TRACE] Completed graph transform *terraform.AttachSchemaTransformer (no changes)
2022-05-31T05:35:45.753Z [TRACE] Executing graph transform *terraform.ModuleExpansionTransformer
2022-05-31T05:35:45.753Z [TRACE] Completed graph transform *terraform.ModuleExpansionTransformer (no changes)
2022-05-31T05:35:45.753Z [TRACE] Executing graph transform *terraform.ReferenceTransformer
2022-05-31T05:35:45.753Z [DEBUG] ReferenceTransformer: "provider[\"registry.terraform.io/citrix/citrixadc\"]" references: []
2022-05-31T05:35:45.753Z [DEBUG] ReferenceTransformer: "citrixadc_appalgparam.tf_appalgparam" references: []
2022-05-31T05:35:45.753Z [TRACE] Completed graph transform *terraform.ReferenceTransformer (no changes)
2022-05-31T05:35:45.753Z [TRACE] Executing graph transform *terraform.AttachDependenciesTransformer
2022-05-31T05:35:45.753Z [TRACE] Completed graph transform *terraform.AttachDependenciesTransformer (no changes)
2022-05-31T05:35:45.753Z [TRACE] Executing graph transform *terraform.attachDataResourceDependsOnTransformer
2022-05-31T05:35:45.753Z [TRACE] Completed graph transform *terraform.attachDataResourceDependsOnTransformer (no changes)
2022-05-31T05:35:45.753Z [TRACE] Executing graph transform *terraform.TargetsTransformer
2022-05-31T05:35:45.753Z [TRACE] Completed graph transform *terraform.TargetsTransformer (no changes)
2022-05-31T05:35:45.753Z [TRACE] Executing graph transform *terraform.ForcedCBDTransformer
2022-05-31T05:35:45.754Z [TRACE] Completed graph transform *terraform.ForcedCBDTransformer (no changes)
2022-05-31T05:35:45.754Z [TRACE] Executing graph transform *terraform.CloseProviderTransformer
2022-05-31T05:35:45.754Z [TRACE] Completed graph transform *terraform.CloseProviderTransformer with new graph:
  citrixadc_appalgparam.tf_appalgparam - *terraform.NodeValidatableResource
    provider["registry.terraform.io/citrix/citrixadc"] - *terraform.NodeApplyableProvider
  provider["registry.terraform.io/citrix/citrixadc"] - *terraform.NodeApplyableProvider
  provider["registry.terraform.io/citrix/citrixadc"] (close) - *terraform.graphNodeCloseProvider
    citrixadc_appalgparam.tf_appalgparam - *terraform.NodeValidatableResource
    provider["registry.terraform.io/citrix/citrixadc"] - *terraform.NodeApplyableProvider
  ------
2022-05-31T05:35:45.754Z [TRACE] Executing graph transform *terraform.CloseRootModuleTransformer
2022-05-31T05:35:45.754Z [TRACE] Completed graph transform *terraform.CloseRootModuleTransformer with new graph:
  citrixadc_appalgparam.tf_appalgparam - *terraform.NodeValidatableResource
    provider["registry.terraform.io/citrix/citrixadc"] - *terraform.NodeApplyableProvider
  provider["registry.terraform.io/citrix/citrixadc"] - *terraform.NodeApplyableProvider
  provider["registry.terraform.io/citrix/citrixadc"] (close) - *terraform.graphNodeCloseProvider
    citrixadc_appalgparam.tf_appalgparam - *terraform.NodeValidatableResource
    provider["registry.terraform.io/citrix/citrixadc"] - *terraform.NodeApplyableProvider
  root - *terraform.nodeCloseModule
    provider["registry.terraform.io/citrix/citrixadc"] (close) - *terraform.graphNodeCloseProvider
  ------
2022-05-31T05:35:45.754Z [TRACE] Executing graph transform *terraform.TransitiveReductionTransformer
2022-05-31T05:35:45.754Z [TRACE] Completed graph transform *terraform.TransitiveReductionTransformer with new graph:
  citrixadc_appalgparam.tf_appalgparam - *terraform.NodeValidatableResource
    provider["registry.terraform.io/citrix/citrixadc"] - *terraform.NodeApplyableProvider
  provider["registry.terraform.io/citrix/citrixadc"] - *terraform.NodeApplyableProvider
  provider["registry.terraform.io/citrix/citrixadc"] (close) - *terraform.graphNodeCloseProvider
    citrixadc_appalgparam.tf_appalgparam - *terraform.NodeValidatableResource
  root - *terraform.nodeCloseModule
    provider["registry.terraform.io/citrix/citrixadc"] (close) - *terraform.graphNodeCloseProvider
  ------
2022-05-31T05:35:45.754Z [DEBUG] Starting graph walk: walkValidate
2022-05-31T05:35:45.754Z [TRACE] vertex "provider[\"registry.terraform.io/citrix/citrixadc\"]": starting visit (*terraform.NodeApplyableProvider)
2022-05-31T05:35:45.755Z [DEBUG] created provider logger: level=trace
2022-05-31T05:35:45.755Z [INFO]  provider: configuring client automatic mTLS
2022-05-31T05:35:45.767Z [DEBUG] provider: starting plugin: path=.terraform/providers/registry.terraform.io/citrix/citrixadc/9.9.9/linux_amd64/terraform-provider-citrixadc args=[.terraform/providers/registry.terraform.io/citrix/citrixadc/9.9.9/linux_amd64/terraform-provider-citrixadc]
2022-05-31T05:35:45.767Z [DEBUG] provider: plugin started: path=.terraform/providers/registry.terraform.io/citrix/citrixadc/9.9.9/linux_amd64/terraform-provider-citrixadc pid=119318
2022-05-31T05:35:45.767Z [DEBUG] provider: waiting for RPC address: path=.terraform/providers/registry.terraform.io/citrix/citrixadc/9.9.9/linux_amd64/terraform-provider-citrixadc
2022-05-31T05:35:45.783Z [INFO]  provider.terraform-provider-citrixadc: configuring server automatic mTLS: timestamp=2022-05-31T05:35:45.783Z
2022-05-31T05:35:45.802Z [DEBUG] provider.terraform-provider-citrixadc: plugin address: address=/tmp/plugin2441786317 network=unix timestamp=2022-05-31T05:35:45.802Z
2022-05-31T05:35:45.802Z [DEBUG] provider: using plugin: version=5
2022-05-31T05:35:45.822Z [TRACE] BuiltinEvalContext: Initialized "provider[\"registry.terraform.io/citrix/citrixadc\"]" provider for provider["registry.terraform.io/citrix/citrixadc"]
2022-05-31T05:35:45.822Z [TRACE] NodeApplyableProvider: validating configuration for provider["registry.terraform.io/citrix/citrixadc"]
2022-05-31T05:35:45.822Z [TRACE] buildProviderConfig for provider["registry.terraform.io/citrix/citrixadc"]: using explicit config only
2022-05-31T05:35:45.822Z [TRACE] GRPCProvider: GetProviderSchema
2022-05-31T05:35:45.822Z [TRACE] provider.stdio: waiting for stdio data
2022-05-31T05:35:45.835Z [DEBUG] provider.stdio: received EOF, stopping recv loop: err="rpc error: code = Unimplemented desc = unknown service plugin.GRPCStdio"
2022-05-31T05:35:45.839Z [DEBUG] No provider meta schema returned
2022-05-31T05:35:45.868Z [TRACE] GRPCProvider: ValidateProviderConfig
2022-05-31T05:35:45.913Z [TRACE] vertex "provider[\"registry.terraform.io/citrix/citrixadc\"]": visit complete
2022-05-31T05:35:45.913Z [TRACE] vertex "citrixadc_appalgparam.tf_appalgparam": starting visit (*terraform.NodeValidatableResource)
2022-05-31T05:35:45.913Z [TRACE] GRPCProvider: ValidateResourceConfig
2022-05-31T05:35:45.914Z [TRACE] vertex "citrixadc_appalgparam.tf_appalgparam": visit complete
2022-05-31T05:35:45.914Z [TRACE] vertex "provider[\"registry.terraform.io/citrix/citrixadc\"] (close)": starting visit (*terraform.graphNodeCloseProvider)
2022-05-31T05:35:45.914Z [TRACE] GRPCProvider: Close
2022-05-31T05:35:45.918Z [DEBUG] provider: plugin process exited: path=.terraform/providers/registry.terraform.io/citrix/citrixadc/9.9.9/linux_amd64/terraform-provider-citrixadc pid=119318
2022-05-31T05:35:45.918Z [DEBUG] provider: plugin exited
2022-05-31T05:35:45.918Z [TRACE] vertex "provider[\"registry.terraform.io/citrix/citrixadc\"] (close)": visit complete
2022-05-31T05:35:45.918Z [TRACE] vertex "root": starting visit (*terraform.nodeCloseModule)
2022-05-31T05:35:45.918Z [TRACE] vertex "root": visit complete
2022-05-31T05:35:45.918Z [DEBUG] Refresh is really just plan now, so creating a NormalMode plan
2022-05-31T05:35:45.921Z [DEBUG] Building and walking plan graph for NormalMode
2022-05-31T05:35:45.921Z [TRACE] Executing graph transform *terraform.ConfigTransformer
2022-05-31T05:35:45.921Z [TRACE] ConfigTransformer: Starting for path:
2022-05-31T05:35:45.921Z [TRACE] Completed graph transform *terraform.ConfigTransformer with new graph:
  citrixadc_appalgparam.tf_appalgparam (expand) - *terraform.nodeExpandPlannableResource
  ------
2022-05-31T05:35:45.921Z [TRACE] Executing graph transform *terraform.RootVariableTransformer
2022-05-31T05:35:45.921Z [TRACE] Completed graph transform *terraform.RootVariableTransformer (no changes)
2022-05-31T05:35:45.921Z [TRACE] Executing graph transform *terraform.ModuleVariableTransformer
2022-05-31T05:35:45.921Z [TRACE] Completed graph transform *terraform.ModuleVariableTransformer (no changes)
2022-05-31T05:35:45.921Z [TRACE] Executing graph transform *terraform.LocalTransformer
2022-05-31T05:35:45.921Z [TRACE] Completed graph transform *terraform.LocalTransformer (no changes)
2022-05-31T05:35:45.921Z [TRACE] Executing graph transform *terraform.OutputTransformer
2022-05-31T05:35:45.921Z [TRACE] Completed graph transform *terraform.OutputTransformer (no changes)
2022-05-31T05:35:45.921Z [TRACE] Executing graph transform *terraform.OrphanResourceInstanceTransformer
2022-05-31T05:35:45.921Z [TRACE] Completed graph transform *terraform.OrphanResourceInstanceTransformer (no changes)
2022-05-31T05:35:45.921Z [TRACE] Executing graph transform *terraform.StateTransformer
2022-05-31T05:35:45.921Z [TRACE] StateTransformer: creating nodes for deposed instance objects only
2022-05-31T05:35:45.921Z [TRACE] Completed graph transform *terraform.StateTransformer (no changes)
2022-05-31T05:35:45.921Z [TRACE] Executing graph transform *terraform.AttachStateTransformer
2022-05-31T05:35:45.921Z [TRACE] Completed graph transform *terraform.AttachStateTransformer (no changes)
2022-05-31T05:35:45.921Z [TRACE] Executing graph transform *terraform.OrphanOutputTransformer
2022-05-31T05:35:45.921Z [TRACE] Completed graph transform *terraform.OrphanOutputTransformer (no changes)
2022-05-31T05:35:45.921Z [TRACE] Executing graph transform *terraform.AttachResourceConfigTransformer
2022-05-31T05:35:45.922Z [TRACE] AttachResourceConfigTransformer: attaching to "citrixadc_appalgparam.tf_appalgparam (expand)" (*terraform.nodeExpandPlannableResource) config from resources.tf:1,1-50
2022-05-31T05:35:45.922Z [TRACE] AttachResourceConfigTransformer: attaching provider meta configs to citrixadc_appalgparam.tf_appalgparam (expand)
2022-05-31T05:35:45.922Z [TRACE] Completed graph transform *terraform.AttachResourceConfigTransformer (no changes)
2022-05-31T05:35:45.922Z [TRACE] Executing graph transform *terraform.graphTransformerMulti
2022-05-31T05:35:45.922Z [TRACE] (graphTransformerMulti) Executing graph transform *terraform.ProviderConfigTransformer
2022-05-31T05:35:45.922Z [TRACE] ProviderConfigTransformer: attaching to "provider[\"registry.terraform.io/citrix/citrixadc\"]" provider configuration from provider.tf:8,1-21
2022-05-31T05:35:45.922Z [TRACE] (graphTransformerMulti) Completed graph transform *terraform.ProviderConfigTransformer with new graph:
  citrixadc_appalgparam.tf_appalgparam (expand) - *terraform.nodeExpandPlannableResource
  provider["registry.terraform.io/citrix/citrixadc"] - *terraform.NodeApplyableProvider
  ------
2022-05-31T05:35:45.922Z [TRACE] (graphTransformerMulti) Executing graph transform *terraform.MissingProviderTransformer
2022-05-31T05:35:45.922Z [TRACE] (graphTransformerMulti) Completed graph transform *terraform.MissingProviderTransformer (no changes)
2022-05-31T05:35:45.922Z [TRACE] (graphTransformerMulti) Executing graph transform *terraform.ProviderTransformer
2022-05-31T05:35:45.922Z [TRACE] ProviderTransformer: exact match for provider["registry.terraform.io/citrix/citrixadc"] serving citrixadc_appalgparam.tf_appalgparam (expand)
2022-05-31T05:35:45.922Z [DEBUG] ProviderTransformer: "citrixadc_appalgparam.tf_appalgparam (expand)" (*terraform.nodeExpandPlannableResource) needs provider["registry.terraform.io/citrix/citrixadc"]
2022-05-31T05:35:45.922Z [TRACE] (graphTransformerMulti) Completed graph transform *terraform.ProviderTransformer with new graph:
  citrixadc_appalgparam.tf_appalgparam (expand) - *terraform.nodeExpandPlannableResource
    provider["registry.terraform.io/citrix/citrixadc"] - *terraform.NodeApplyableProvider
  provider["registry.terraform.io/citrix/citrixadc"] - *terraform.NodeApplyableProvider
  ------
2022-05-31T05:35:45.922Z [TRACE] (graphTransformerMulti) Executing graph transform *terraform.PruneProviderTransformer
2022-05-31T05:35:45.922Z [TRACE] (graphTransformerMulti) Completed graph transform *terraform.PruneProviderTransformer (no changes)
2022-05-31T05:35:45.922Z [TRACE] Completed graph transform *terraform.graphTransformerMulti with new graph:
  citrixadc_appalgparam.tf_appalgparam (expand) - *terraform.nodeExpandPlannableResource
    provider["registry.terraform.io/citrix/citrixadc"] - *terraform.NodeApplyableProvider
  provider["registry.terraform.io/citrix/citrixadc"] - *terraform.NodeApplyableProvider
  ------
2022-05-31T05:35:45.922Z [TRACE] Executing graph transform *terraform.RemovedModuleTransformer
2022-05-31T05:35:45.922Z [TRACE] Completed graph transform *terraform.RemovedModuleTransformer (no changes)
2022-05-31T05:35:45.922Z [TRACE] Executing graph transform *terraform.AttachSchemaTransformer
2022-05-31T05:35:45.922Z [TRACE] AttachSchemaTransformer: attaching resource schema to citrixadc_appalgparam.tf_appalgparam (expand)
2022-05-31T05:35:45.922Z [TRACE] AttachSchemaTransformer: attaching provider config schema to provider["registry.terraform.io/citrix/citrixadc"]
2022-05-31T05:35:45.922Z [TRACE] Completed graph transform *terraform.AttachSchemaTransformer (no changes)
2022-05-31T05:35:45.922Z [TRACE] Executing graph transform *terraform.ModuleExpansionTransformer
2022-05-31T05:35:45.922Z [TRACE] Completed graph transform *terraform.ModuleExpansionTransformer (no changes)
2022-05-31T05:35:45.922Z [TRACE] Executing graph transform *terraform.ReferenceTransformer
2022-05-31T05:35:45.922Z [DEBUG] ReferenceTransformer: "citrixadc_appalgparam.tf_appalgparam (expand)" references: []
2022-05-31T05:35:45.922Z [DEBUG] ReferenceTransformer: "provider[\"registry.terraform.io/citrix/citrixadc\"]" references: []
2022-05-31T05:35:45.922Z [TRACE] Completed graph transform *terraform.ReferenceTransformer (no changes)
2022-05-31T05:35:45.922Z [TRACE] Executing graph transform *terraform.AttachDependenciesTransformer
2022-05-31T05:35:45.922Z [TRACE] AttachDependenciesTransformer: citrixadc_appalgparam.tf_appalgparam depends on []
2022-05-31T05:35:45.923Z [TRACE] Completed graph transform *terraform.AttachDependenciesTransformer (no changes)
2022-05-31T05:35:45.923Z [TRACE] Executing graph transform *terraform.attachDataResourceDependsOnTransformer
2022-05-31T05:35:45.923Z [TRACE] Completed graph transform *terraform.attachDataResourceDependsOnTransformer (no changes)
2022-05-31T05:35:45.923Z [TRACE] Executing graph transform *terraform.TargetsTransformer
2022-05-31T05:35:45.923Z [TRACE] Completed graph transform *terraform.TargetsTransformer (no changes)
2022-05-31T05:35:45.923Z [TRACE] Executing graph transform *terraform.ForcedCBDTransformer
2022-05-31T05:35:45.923Z [TRACE] ForcedCBDTransformer: "citrixadc_appalgparam.tf_appalgparam (expand)" (*terraform.nodeExpandPlannableResource) has no CBD descendent, so skipping
2022-05-31T05:35:45.923Z [TRACE] Completed graph transform *terraform.ForcedCBDTransformer (no changes)
2022-05-31T05:35:45.923Z [TRACE] Executing graph transform *terraform.CloseProviderTransformer
2022-05-31T05:35:45.923Z [TRACE] Completed graph transform *terraform.CloseProviderTransformer with new graph:
  citrixadc_appalgparam.tf_appalgparam (expand) - *terraform.nodeExpandPlannableResource
    provider["registry.terraform.io/citrix/citrixadc"] - *terraform.NodeApplyableProvider
  provider["registry.terraform.io/citrix/citrixadc"] - *terraform.NodeApplyableProvider
  provider["registry.terraform.io/citrix/citrixadc"] (close) - *terraform.graphNodeCloseProvider
    citrixadc_appalgparam.tf_appalgparam (expand) - *terraform.nodeExpandPlannableResource
    provider["registry.terraform.io/citrix/citrixadc"] - *terraform.NodeApplyableProvider
  ------
2022-05-31T05:35:45.923Z [TRACE] Executing graph transform *terraform.CloseRootModuleTransformer
2022-05-31T05:35:45.923Z [TRACE] Completed graph transform *terraform.CloseRootModuleTransformer with new graph:
  citrixadc_appalgparam.tf_appalgparam (expand) - *terraform.nodeExpandPlannableResource
    provider["registry.terraform.io/citrix/citrixadc"] - *terraform.NodeApplyableProvider
  provider["registry.terraform.io/citrix/citrixadc"] - *terraform.NodeApplyableProvider
  provider["registry.terraform.io/citrix/citrixadc"] (close) - *terraform.graphNodeCloseProvider
    citrixadc_appalgparam.tf_appalgparam (expand) - *terraform.nodeExpandPlannableResource
    provider["registry.terraform.io/citrix/citrixadc"] - *terraform.NodeApplyableProvider
  root - *terraform.nodeCloseModule
    provider["registry.terraform.io/citrix/citrixadc"] (close) - *terraform.graphNodeCloseProvider
  ------
2022-05-31T05:35:45.923Z [TRACE] Executing graph transform *terraform.TransitiveReductionTransformer
2022-05-31T05:35:45.923Z [TRACE] Completed graph transform *terraform.TransitiveReductionTransformer with new graph:
  citrixadc_appalgparam.tf_appalgparam (expand) - *terraform.nodeExpandPlannableResource
    provider["registry.terraform.io/citrix/citrixadc"] - *terraform.NodeApplyableProvider
  provider["registry.terraform.io/citrix/citrixadc"] - *terraform.NodeApplyableProvider
  provider["registry.terraform.io/citrix/citrixadc"] (close) - *terraform.graphNodeCloseProvider
    citrixadc_appalgparam.tf_appalgparam (expand) - *terraform.nodeExpandPlannableResource
  root - *terraform.nodeCloseModule
    provider["registry.terraform.io/citrix/citrixadc"] (close) - *terraform.graphNodeCloseProvider
  ------
2022-05-31T05:35:45.923Z [DEBUG] Starting graph walk: walkPlan
2022-05-31T05:35:45.923Z [TRACE] vertex "provider[\"registry.terraform.io/citrix/citrixadc\"]": starting visit (*terraform.NodeApplyableProvider)
2022-05-31T05:35:45.923Z [DEBUG] created provider logger: level=trace
2022-05-31T05:35:45.923Z [INFO]  provider: configuring client automatic mTLS
2022-05-31T05:35:45.942Z [DEBUG] provider: starting plugin: path=.terraform/providers/registry.terraform.io/citrix/citrixadc/9.9.9/linux_amd64/terraform-provider-citrixadc args=[.terraform/providers/registry.terraform.io/citrix/citrixadc/9.9.9/linux_amd64/terraform-provider-citrixadc]
2022-05-31T05:35:45.942Z [DEBUG] provider: plugin started: path=.terraform/providers/registry.terraform.io/citrix/citrixadc/9.9.9/linux_amd64/terraform-provider-citrixadc pid=119323
2022-05-31T05:35:45.942Z [DEBUG] provider: waiting for RPC address: path=.terraform/providers/registry.terraform.io/citrix/citrixadc/9.9.9/linux_amd64/terraform-provider-citrixadc
2022-05-31T05:35:45.957Z [INFO]  provider.terraform-provider-citrixadc: configuring server automatic mTLS: timestamp=2022-05-31T05:35:45.957Z
2022-05-31T05:35:45.972Z [DEBUG] provider.terraform-provider-citrixadc: plugin address: address=/tmp/plugin154970714 network=unix timestamp=2022-05-31T05:35:45.972Z
2022-05-31T05:35:45.972Z [DEBUG] provider: using plugin: version=5
2022-05-31T05:35:45.990Z [TRACE] BuiltinEvalContext: Initialized "provider[\"registry.terraform.io/citrix/citrixadc\"]" provider for provider["registry.terraform.io/citrix/citrixadc"]
2022-05-31T05:35:45.990Z [TRACE] NodeApplyableProvider: configuring provider["registry.terraform.io/citrix/citrixadc"]
2022-05-31T05:35:45.990Z [TRACE] buildProviderConfig for provider["registry.terraform.io/citrix/citrixadc"]: using explicit config only
2022-05-31T05:35:45.990Z [TRACE] GRPCProvider: GetProviderSchema
2022-05-31T05:35:45.990Z [TRACE] provider.stdio: waiting for stdio data
2022-05-31T05:35:46.004Z [DEBUG] provider.stdio: received EOF, stopping recv loop: err="rpc error: code = Unimplemented desc = unknown service plugin.GRPCStdio"
2022-05-31T05:35:46.009Z [DEBUG] No provider meta schema returned
2022-05-31T05:35:46.028Z [TRACE] GRPCProvider: ValidateProviderConfig
2022-05-31T05:35:46.074Z [WARN]  ValidateProviderConfig from "provider[\"registry.terraform.io/citrix/citrixadc\"]" changed the config value, but that value is unused
2022-05-31T05:35:46.074Z [TRACE] GRPCProvider: ConfigureProvider
2022-05-31T05:35:46.075Z [DEBUG] provider.terraform-provider-citrixadc: 2022/05/31 05:35:46 [DEBUG] citrixadc-provider: Terraform version imported: 0.12.20
2022-05-31T05:35:46.075Z [TRACE] vertex "provider[\"registry.terraform.io/citrix/citrixadc\"]": visit complete
2022-05-31T05:35:46.075Z [TRACE] vertex "citrixadc_appalgparam.tf_appalgparam (expand)": starting visit (*terraform.nodeExpandPlannableResource)
2022-05-31T05:35:46.075Z [TRACE] vertex "citrixadc_appalgparam.tf_appalgparam (expand)": expanding dynamic subgraph
2022-05-31T05:35:46.075Z [TRACE] vertex "citrixadc_appalgparam.tf_appalgparam (expand)": entering dynamic subgraph
2022-05-31T05:35:46.075Z [TRACE] vertex "citrixadc_appalgparam.tf_appalgparam": starting visit (*terraform.NodePlannableResource)
2022-05-31T05:35:46.075Z [TRACE] vertex "citrixadc_appalgparam.tf_appalgparam": expanding dynamic subgraph
2022-05-31T05:35:46.075Z [TRACE] Executing graph transform *terraform.ResourceCountTransformer
2022-05-31T05:35:46.075Z [TRACE] ResourceCountTransformer: adding citrixadc_appalgparam.tf_appalgparam as *terraform.NodePlannableResourceInstance
2022-05-31T05:35:46.075Z [TRACE] Completed graph transform *terraform.ResourceCountTransformer with new graph:
  citrixadc_appalgparam.tf_appalgparam - *terraform.NodePlannableResourceInstance
  ------
2022-05-31T05:35:46.075Z [TRACE] Executing graph transform *terraform.OrphanResourceInstanceCountTransformer
2022-05-31T05:35:46.075Z [TRACE] Completed graph transform *terraform.OrphanResourceInstanceCountTransformer (no changes)
2022-05-31T05:35:46.075Z [TRACE] Executing graph transform *terraform.AttachStateTransformer
2022-05-31T05:35:46.075Z [TRACE] NodeAbstractResourceInstance.AttachResourceState for citrixadc_appalgparam.tf_appalgparam
2022-05-31T05:35:46.075Z [TRACE] Completed graph transform *terraform.AttachStateTransformer (no changes)
2022-05-31T05:35:46.075Z [TRACE] Executing graph transform *terraform.TargetsTransformer
2022-05-31T05:35:46.075Z [TRACE] Completed graph transform *terraform.TargetsTransformer (no changes)
2022-05-31T05:35:46.075Z [TRACE] Executing graph transform *terraform.ReferenceTransformer
2022-05-31T05:35:46.075Z [DEBUG] ReferenceTransformer: "citrixadc_appalgparam.tf_appalgparam" references: []
2022-05-31T05:35:46.075Z [TRACE] Completed graph transform *terraform.ReferenceTransformer (no changes)
2022-05-31T05:35:46.075Z [TRACE] Executing graph transform *terraform.RootTransformer
2022-05-31T05:35:46.075Z [TRACE] Completed graph transform *terraform.RootTransformer (no changes)
2022-05-31T05:35:46.075Z [TRACE] vertex "citrixadc_appalgparam.tf_appalgparam": entering dynamic subgraph
2022-05-31T05:35:46.075Z [TRACE] vertex "citrixadc_appalgparam.tf_appalgparam": starting visit (*terraform.NodePlannableResourceInstance)
2022-05-31T05:35:46.075Z [TRACE] readResourceInstanceState: reading state for citrixadc_appalgparam.tf_appalgparam
2022-05-31T05:35:46.075Z [TRACE] upgradeResourceState: schema version of citrixadc_appalgparam.tf_appalgparam is still 1; calling provider "citrixadc" for any other minor fixups
2022-05-31T05:35:46.075Z [TRACE] GRPCProvider: UpgradeResourceState
2022-05-31T05:35:46.077Z [TRACE] NodeAbstractResouceInstance.writeResourceInstanceState to prevRunState for citrixadc_appalgparam.tf_appalgparam
2022-05-31T05:35:46.077Z [TRACE] NodeAbstractResouceInstance.writeResourceInstanceState: writing state object for citrixadc_appalgparam.tf_appalgparam
2022-05-31T05:35:46.077Z [TRACE] NodeAbstractResouceInstance.writeResourceInstanceState to refreshState for citrixadc_appalgparam.tf_appalgparam
2022-05-31T05:35:46.077Z [TRACE] NodeAbstractResouceInstance.writeResourceInstanceState: writing state object for citrixadc_appalgparam.tf_appalgparam
2022-05-31T05:35:46.077Z [TRACE] NodeAbstractResourceInstance.refresh for citrixadc_appalgparam.tf_appalgparam
2022-05-31T05:35:46.078Z [TRACE] GRPCProvider: ReadResource
2022-05-31T05:35:46.080Z [DEBUG] provider.terraform-provider-citrixadc: 2022/05/31 05:35:46 [DEBUG] citrixadc-provider:  In readAppalgparamFunc
2022-05-31T05:35:46.080Z [DEBUG] provider.terraform-provider-citrixadc: 2022/05/31 05:35:46 [DEBUG] citrixadc-provider: Reading appalgparam state
2022-05-31T05:35:46.080Z [DEBUG] provider.terraform-provider-citrixadc: 2022-05-31T05:35:46.080Z [TRACE] service/netscaler_resource.go:374: nitro-go: listing resource of type : resourceType=appalgparam name=""
2022-05-31T05:35:46.080Z [DEBUG] provider.terraform-provider-citrixadc: 2022-05-31T05:35:46.080Z [TRACE] service/netscaler_resource.go:380: nitro-go: listResource: url=http://10.222.74.147/nitro/v1/config/appalgparam
2022-05-31T05:35:46.080Z [DEBUG] provider.terraform-provider-citrixadc: 2022-05-31T05:35:46.080Z [TRACE] service/netscaler_resource.go:197: nitro-go: doHTTPRequest HTTP method: method=GET url=http://10.222.74.147/nitro/v1/config/appalgparam headers="map[Accept:[application/json] Content-Type:[application/json] User-Agent:[terraform-ctxadc] X-Nitro-Pass:[*********] X-Nitro-User:[*********]]"
2022-05-31T05:35:46.121Z [DEBUG] provider.terraform-provider-citrixadc: 2022-05-31T05:35:46.121Z [TRACE] service/netscaler_resource.go:206: nitro-go: response Status:: status="200 OK"
2022-05-31T05:35:46.122Z [WARN]  Provider "registry.terraform.io/citrix/citrixadc" produced an unexpected new value for citrixadc_appalgparam.tf_appalgparam during refresh.
      - .pptpgreidletimeout: was cty.NumberIntVal(8000), but now cty.NumberIntVal(7000)
2022-05-31T05:35:46.123Z [TRACE] NodeAbstractResouceInstance.writeResourceInstanceState to refreshState for citrixadc_appalgparam.tf_appalgparam
2022-05-31T05:35:46.123Z [TRACE] NodeAbstractResouceInstance.writeResourceInstanceState: writing state object for citrixadc_appalgparam.tf_appalgparam
2022-05-31T05:35:46.123Z [TRACE] Re-validating config for "citrixadc_appalgparam.tf_appalgparam"
2022-05-31T05:35:46.123Z [TRACE] GRPCProvider: ValidateResourceConfig
2022-05-31T05:35:46.124Z [TRACE] GRPCProvider: PlanResourceChange
2022-05-31T05:35:46.125Z [TRACE] NodeAbstractResouceInstance.writeResourceInstanceState to workingState for citrixadc_appalgparam.tf_appalgparam
2022-05-31T05:35:46.125Z [TRACE] NodeAbstractResouceInstance.writeResourceInstanceState: writing state object for citrixadc_appalgparam.tf_appalgparam
2022-05-31T05:35:46.125Z [TRACE] writeChange: recorded Update change for citrixadc_appalgparam.tf_appalgparam
2022-05-31T05:35:46.126Z [TRACE] vertex "citrixadc_appalgparam.tf_appalgparam": visit complete
2022-05-31T05:35:46.126Z [TRACE] vertex "citrixadc_appalgparam.tf_appalgparam": dynamic subgraph completed successfully
2022-05-31T05:35:46.126Z [TRACE] vertex "citrixadc_appalgparam.tf_appalgparam": visit complete
2022-05-31T05:35:46.126Z [TRACE] vertex "citrixadc_appalgparam.tf_appalgparam (expand)": dynamic subgraph completed successfully
2022-05-31T05:35:46.126Z [TRACE] vertex "citrixadc_appalgparam.tf_appalgparam (expand)": visit complete
2022-05-31T05:35:46.126Z [TRACE] vertex "provider[\"registry.terraform.io/citrix/citrixadc\"] (close)": starting visit (*terraform.graphNodeCloseProvider)
2022-05-31T05:35:46.126Z [TRACE] GRPCProvider: Close
2022-05-31T05:35:46.129Z [DEBUG] provider: plugin process exited: path=.terraform/providers/registry.terraform.io/citrix/citrixadc/9.9.9/linux_amd64/terraform-provider-citrixadc pid=119323
2022-05-31T05:35:46.129Z [DEBUG] provider: plugin exited
2022-05-31T05:35:46.129Z [TRACE] vertex "provider[\"registry.terraform.io/citrix/citrixadc\"] (close)": visit complete
2022-05-31T05:35:46.129Z [TRACE] vertex "root": starting visit (*terraform.nodeCloseModule)
2022-05-31T05:35:46.129Z [TRACE] vertex "root": visit complete
2022-05-31T05:35:46.129Z [TRACE] LoadSchemas: retrieving schema for provider type "registry.terraform.io/citrix/citrixadc"
2022-05-31T05:35:46.130Z [INFO]  backend/local: refresh calling Refresh
2022-05-31T05:35:46.130Z [TRACE] statemgr.Filesystem: creating backup snapshot at terraform.tfstate.backup
2022-05-31T05:35:46.130Z [TRACE] statemgr.Filesystem: state has changed since last snapshot, so incrementing serial to 2
2022-05-31T05:35:46.130Z [TRACE] statemgr.Filesystem: writing snapshot at terraform.tfstate
2022-05-31T05:35:46.132Z [TRACE] statemgr.Filesystem: removing lock metadata file .terraform.tfstate.lock.info
2022-05-31T05:35:46.132Z [TRACE] statemgr.Filesystem: unlocking terraform.tfstate using fcntl flock
